<?xml version="1.0" encoding="UTF-8"?>
<!-- Generated by org.testng.reporters.JUnitXMLReporter -->
<testsuite hostname="User-PC" ignored="10" name="Default test(failed)" tests="1" failures="1" timestamp="30 Oct 2018 03:41:43 GMT" time="27.102" errors="0">
  <testcase name="verifyPatientLogIn11" time="8.846" classname="TestCases.PatientTestCase">
    <failure type="java.lang.AssertionError" message="expected [login | Company Name] but found [Company Name]">
      <![CDATA[java.lang.AssertionError: expected [login | Company Name] but found [Company Name]
at TestCases.PatientTestCase.verifyPatientLogIn11(PatientTestCase.java:324)
... Removed 31 stack frames]]>
    </failure>
  </testcase> <!-- verifyPatientLogIn11 -->
  <testcase name="verifyPatientLogIn1" time="0.0" classname="TestCases.PatientTestCase">
    <ignored/>
  </testcase> <!-- verifyPatientLogIn1 -->
  <testcase name="verifyPatientLogIn4" time="0.0" classname="TestCases.PatientTestCase">
    <ignored/>
  </testcase> <!-- verifyPatientLogIn4 -->
  <testcase name="verifyPatientLogIn3" time="0.0" classname="TestCases.PatientTestCase">
    <ignored/>
  </testcase> <!-- verifyPatientLogIn3 -->
  <testcase name="verifyPatientLogIn5" time="0.0" classname="TestCases.PatientTestCase">
    <ignored/>
  </testcase> <!-- verifyPatientLogIn5 -->
  <testcase name="verifyPatientLogIn8" time="0.0" classname="TestCases.PatientTestCase">
    <ignored/>
  </testcase> <!-- verifyPatientLogIn8 -->
  <testcase name="verifyPatientLogIn7" time="0.0" classname="TestCases.PatientTestCase">
    <ignored/>
  </testcase> <!-- verifyPatientLogIn7 -->
  <testcase name="verifyPatientLogIn2" time="0.0" classname="TestCases.PatientTestCase">
    <ignored/>
  </testcase> <!-- verifyPatientLogIn2 -->
  <testcase name="verifyPatientLogIn9" time="0.0" classname="TestCases.PatientTestCase">
    <ignored/>
  </testcase> <!-- verifyPatientLogIn9 -->
  <testcase name="verifyPatientLogIn10" time="0.0" classname="TestCases.PatientTestCase">
    <ignored/>
  </testcase> <!-- verifyPatientLogIn10 -->
  <testcase name="verifyPatientLogIn6" time="0.0" classname="TestCases.PatientTestCase">
    <ignored/>
  </testcase> <!-- verifyPatientLogIn6 -->
</testsuite> <!-- Default test(failed) -->
